<?xml version="1.0" encoding="UTF-8" standalone="no"?>
<testsuite failures="1" name="cucumber.runtime.formatter.JUnitFormatter" skipped="0" tests="1" time="0">
    <testcase classname="Verify Alert message." name="Test Alert scenario 2" time="0">
        <failure message="The scenario has pending or undefined step(s)">
            <![CDATA[Given User is on demo page..................................................undefined
When click on Alerts and Modals.............................................undefined
Then Validate the message...................................................undefined
]]>
        </failure>
    </testcase>
</testsuite>
